TN:
SF:src/lib/calculator.js
FN:1,sum
FNF:1
FNH:1
FNDA:5,sum
DA:2,5
DA:3,5
DA:5,5
DA:6,3
DA:9,2
DA:12,1
LF:6
LH:6
BRDA:5,0,0,3
BRDA:5,0,1,2
BRDA:5,1,0,5
BRDA:5,1,1,3
BRF:4
BRH:4
end_of_record
TN:
SF:src/lib/queryString.js
FN:1,(anonymous_0)
FN:9,(anonymous_1)
FN:12,(anonymous_2)
FN:14,(anonymous_3)
FNF:4
FNH:4
FNDA:6,(anonymous_0)
FNDA:3,(anonymous_1)
FNDA:3,(anonymous_2)
FNDA:5,(anonymous_3)
DA:1,1
DA:2,6
DA:3,1
DA:6,5
DA:9,1
DA:10,3
DA:12,1
DA:13,3
DA:15,5
DA:17,5
DA:18,1
DA:21,5
DA:25,1
LF:13
LH:13
BRDA:2,0,0,1
BRDA:2,0,1,5
BRDA:2,1,0,6
BRDA:2,1,1,2
BRDA:17,2,0,1
BRDA:17,2,1,4
BRF:6
BRH:6
end_of_record
